<?xml version="1.0" encoding="UTF-8"?>
<testsuite xmlns:xsi="http://www.w3.org/2001/XMLSchema-instance" xsi:noNamespaceSchemaLocation="https://maven.apache.org/surefire/maven-surefire-plugin/xsd/surefire-test-report-3.0.xsd" version="3.0" name="calcultableau.CalculTabTest$Affichage" time="0.13" tests="2" errors="0" skipped="0" failures="0">
  <properties>
[...]
</properties>
  <testcase name="givenTroisNotes_whenToString_thenContientStatistiques" classname="calcultableau.CalculTabTest$Affichage" time="0.107"/>
  <testcase name="givenDeuxNotes_whenAfficherNotes_thenContientEtudiantEtNote" classname="calcultableau.CalculTabTest$Affichage" time="0.002"/>
</testsuite>